\BOOKMARK [0][-]{chapter.1}{\376\377\0001\000\040\000\315\000n\000d\000i\000c\000e\000\040\000j\000e\000r\000\341\000r\000q\000u\000i\000c\000o}{}% 1
\BOOKMARK [1][-]{section.1.1}{\376\377\0001\000.\0001\000\040\000J\000e\000r\000a\000r\000q\000u\000\355\000a\000\040\000d\000e\000\040\000c\000l\000a\000s\000e\000s}{chapter.1}% 2
\BOOKMARK [0][-]{chapter.2}{\376\377\0002\000\040\000\315\000n\000d\000i\000c\000e\000\040\000d\000e\000\040\000e\000s\000t\000r\000u\000c\000t\000u\000r\000a\000s\000\040\000d\000e\000\040\000d\000a\000t\000o\000s}{}% 3
\BOOKMARK [1][-]{section.2.1}{\376\377\0002\000.\0001\000\040\000E\000s\000t\000r\000u\000c\000t\000u\000r\000a\000s\000\040\000d\000e\000\040\000d\000a\000t\000o\000s}{chapter.2}% 4
\BOOKMARK [0][-]{chapter.3}{\376\377\0003\000\040\000\315\000n\000d\000i\000c\000e\000\040\000d\000e\000\040\000a\000r\000c\000h\000i\000v\000o\000s}{}% 5
\BOOKMARK [1][-]{section.3.1}{\376\377\0003\000.\0001\000\040\000L\000i\000s\000t\000a\000\040\000d\000e\000\040\000a\000r\000c\000h\000i\000v\000o\000s}{chapter.3}% 6
\BOOKMARK [0][-]{chapter.4}{\376\377\0004\000\040\000D\000o\000c\000u\000m\000e\000n\000t\000a\000c\000i\000\363\000n\000\040\000d\000e\000\040\000e\000s\000t\000r\000u\000c\000t\000u\000r\000a\000s\000\040\000d\000e\000\040\000d\000a\000t\000o\000s}{}% 7
\BOOKMARK [1][-]{section.4.1}{\376\377\0004\000.\0001\000\040\000R\000e\000f\000e\000r\000e\000n\000c\000i\000a\000\040\000d\000e\000\040\000l\000a\000\040\000c\000l\000a\000s\000e\000\040\000a\000c\000c\000e\000s\000o\000R\000F\000I\000D}{chapter.4}% 8
\BOOKMARK [2][-]{subsection.4.1.1}{\376\377\0004\000.\0001\000.\0001\000\040\000D\000e\000s\000c\000r\000i\000p\000c\000i\000\363\000n\000\040\000d\000e\000t\000a\000l\000l\000a\000d\000a}{section.4.1}% 9
\BOOKMARK [2][-]{subsection.4.1.2}{\376\377\0004\000.\0001\000.\0002\000\040\000D\000o\000c\000u\000m\000e\000n\000t\000a\000c\000i\000\363\000n\000\040\000d\000e\000\040\000c\000o\000n\000s\000t\000r\000u\000c\000t\000o\000r\000e\000s\000\040\000y\000\040\000d\000e\000s\000t\000r\000u\000c\000t\000o\000r\000e\000s}{section.4.1}% 10
\BOOKMARK [3][-]{subsubsection.4.1.2.1}{\376\377\0004\000.\0001\000.\0002\000.\0001\000\040\000a\000c\000c\000e\000s\000o\000R\000F\000I\000D\000\050\000\051}{subsection.4.1.2}% 11
\BOOKMARK [1][-]{section.4.2}{\376\377\0004\000.\0002\000\040\000R\000e\000f\000e\000r\000e\000n\000c\000i\000a\000\040\000d\000e\000\040\000l\000a\000\040\000c\000l\000a\000s\000e\000\040\000D\000H\000T\0001\0001}{chapter.4}% 12
\BOOKMARK [2][-]{subsection.4.2.1}{\376\377\0004\000.\0002\000.\0001\000\040\000D\000e\000s\000c\000r\000i\000p\000c\000i\000\363\000n\000\040\000d\000e\000t\000a\000l\000l\000a\000d\000a}{section.4.2}% 13
\BOOKMARK [2][-]{subsection.4.2.2}{\376\377\0004\000.\0002\000.\0002\000\040\000D\000o\000c\000u\000m\000e\000n\000t\000a\000c\000i\000\363\000n\000\040\000d\000e\000\040\000c\000o\000n\000s\000t\000r\000u\000c\000t\000o\000r\000e\000s\000\040\000y\000\040\000d\000e\000s\000t\000r\000u\000c\000t\000o\000r\000e\000s}{section.4.2}% 14
\BOOKMARK [3][-]{subsubsection.4.2.2.1}{\376\377\0004\000.\0002\000.\0002\000.\0001\000\040\000D\000H\000T\0001\0001\000\050\000\051}{subsection.4.2.2}% 15
\BOOKMARK [2][-]{subsection.4.2.3}{\376\377\0004\000.\0002\000.\0003\000\040\000D\000o\000c\000u\000m\000e\000n\000t\000a\000c\000i\000\363\000n\000\040\000d\000e\000\040\000f\000u\000n\000c\000i\000o\000n\000e\000s\000\040\000m\000i\000e\000m\000b\000r\000o}{section.4.2}% 16
\BOOKMARK [3][-]{subsubsection.4.2.3.1}{\376\377\0004\000.\0002\000.\0003\000.\0001\000\040\000r\000e\000a\000d\000H\000u\000m\000i\000d\000i\000t\000y\000\050\000\051}{subsection.4.2.3}% 17
\BOOKMARK [3][-]{subsubsection.4.2.3.2}{\376\377\0004\000.\0002\000.\0003\000.\0002\000\040\000r\000e\000a\000d\000T\000e\000m\000p\000e\000r\000a\000t\000u\000r\000e\000\050\000\051}{subsection.4.2.3}% 18
\BOOKMARK [3][-]{subsubsection.4.2.3.3}{\376\377\0004\000.\0002\000.\0003\000.\0003\000\040\000r\000e\000a\000d\000T\000e\000m\000p\000e\000r\000a\000t\000u\000r\000e\000H\000u\000m\000i\000d\000i\000t\000y\000\050\000\051}{subsection.4.2.3}% 19
\BOOKMARK [3][-]{subsubsection.4.2.3.4}{\376\377\0004\000.\0002\000.\0003\000.\0004\000\040\000s\000e\000t\000D\000e\000l\000a\000y\000\050\000\051}{subsection.4.2.3}% 20
\BOOKMARK [2][-]{subsection.4.2.4}{\376\377\0004\000.\0002\000.\0004\000\040\000D\000o\000c\000u\000m\000e\000n\000t\000a\000c\000i\000\363\000n\000\040\000d\000e\000\040\000s\000\355\000m\000b\000o\000l\000o\000s\000\040\000a\000m\000i\000g\000o\000s\000\040\000y\000\040\000r\000e\000l\000a\000c\000i\000o\000n\000a\000d\000o\000s}{section.4.2}% 21
\BOOKMARK [3][-]{subsubsection.4.2.4.1}{\376\377\0004\000.\0002\000.\0004\000.\0001\000\040\000s\000e\000t\000P\000i\000n\000D\000H\000T\0001\0001}{subsection.4.2.4}% 22
\BOOKMARK [1][-]{section.4.3}{\376\377\0004\000.\0003\000\040\000R\000e\000f\000e\000r\000e\000n\000c\000i\000a\000\040\000d\000e\000\040\000l\000a\000\040\000c\000l\000a\000s\000e\000\040\000M\000F\000R\000C\0005\0002\0002}{chapter.4}% 23
\BOOKMARK [2][-]{subsection.4.3.1}{\376\377\0004\000.\0003\000.\0001\000\040\000D\000o\000c\000u\000m\000e\000n\000t\000a\000c\000i\000\363\000n\000\040\000d\000e\000\040\000e\000s\000t\000r\000u\000c\000t\000u\000r\000a\000s\000\040\000d\000e\000\040\000d\000a\000t\000o\000s}{section.4.3}% 24
\BOOKMARK [3][-]{subsubsection.4.3.1.1}{\376\377\0004\000.\0003\000.\0001\000.\0001\000\040\000s\000t\000r\000u\000c\000t\000\040\000M\000F\000R\000C\0005\0002\0002\000:\000:\000M\000I\000F\000A\000R\000E\000\137\000K\000e\000y}{subsection.4.3.1}% 25
\BOOKMARK [3][-]{subsubsection.4.3.1.2}{\376\377\0004\000.\0003\000.\0001\000.\0002\000\040\000s\000t\000r\000u\000c\000t\000\040\000M\000F\000R\000C\0005\0002\0002\000:\000:\000U\000i\000d}{subsection.4.3.1}% 26
\BOOKMARK [1][-]{section.4.4}{\376\377\0004\000.\0004\000\040\000R\000e\000f\000e\000r\000e\000n\000c\000i\000a\000\040\000d\000e\000\040\000l\000a\000\040\000c\000l\000a\000s\000e\000\040\000M\000F\000R\000C\0005\0002\0002\000E\000x\000t\000e\000n\000d\000e\000d}{chapter.4}% 27
\BOOKMARK [2][-]{subsection.4.4.1}{\376\377\0004\000.\0004\000.\0001\000\040\000D\000e\000s\000c\000r\000i\000p\000c\000i\000\363\000n\000\040\000d\000e\000t\000a\000l\000l\000a\000d\000a}{section.4.4}% 28
\BOOKMARK [2][-]{subsection.4.4.2}{\376\377\0004\000.\0004\000.\0002\000\040\000D\000o\000c\000u\000m\000e\000n\000t\000a\000c\000i\000\363\000n\000\040\000d\000e\000\040\000e\000s\000t\000r\000u\000c\000t\000u\000r\000a\000s\000\040\000d\000e\000\040\000d\000a\000t\000o\000s}{section.4.4}% 29
\BOOKMARK [3][-]{subsubsection.4.4.2.1}{\376\377\0004\000.\0004\000.\0002\000.\0001\000\040\000s\000t\000r\000u\000c\000t\000\040\000M\000F\000R\000C\0005\0002\0002\000E\000x\000t\000e\000n\000d\000e\000d\000:\000:\000A\000t\000s}{subsection.4.4.2}% 30
\BOOKMARK [3][-]{subsubsection.4.4.2.2}{\376\377\0004\000.\0004\000.\0002\000.\0002\000\040\000s\000t\000r\000u\000c\000t\000\040\000M\000F\000R\000C\0005\0002\0002\000E\000x\000t\000e\000n\000d\000e\000d\000:\000:\000A\000t\000s\000.\000t\000a\0001}{subsection.4.4.2}% 31
\BOOKMARK [3][-]{subsubsection.4.4.2.3}{\376\377\0004\000.\0004\000.\0002\000.\0003\000\040\000s\000t\000r\000u\000c\000t\000\040\000M\000F\000R\000C\0005\0002\0002\000E\000x\000t\000e\000n\000d\000e\000d\000:\000:\000A\000t\000s\000.\000t\000b\0001}{subsection.4.4.2}% 32
\BOOKMARK [3][-]{subsubsection.4.4.2.4}{\376\377\0004\000.\0004\000.\0002\000.\0004\000\040\000s\000t\000r\000u\000c\000t\000\040\000M\000F\000R\000C\0005\0002\0002\000E\000x\000t\000e\000n\000d\000e\000d\000:\000:\000A\000t\000s\000.\000t\000c\0001}{subsection.4.4.2}% 33
\BOOKMARK [3][-]{subsubsection.4.4.2.5}{\376\377\0004\000.\0004\000.\0002\000.\0005\000\040\000s\000t\000r\000u\000c\000t\000\040\000M\000F\000R\000C\0005\0002\0002\000E\000x\000t\000e\000n\000d\000e\000d\000:\000:\000P\000c\000b\000B\000l\000o\000c\000k}{subsection.4.4.2}% 34
\BOOKMARK [3][-]{subsubsection.4.4.2.6}{\376\377\0004\000.\0004\000.\0002\000.\0006\000\040\000s\000t\000r\000u\000c\000t\000\040\000M\000F\000R\000C\0005\0002\0002\000E\000x\000t\000e\000n\000d\000e\000d\000:\000:\000P\000c\000b\000B\000l\000o\000c\000k\000.\000i\000n\000f}{subsection.4.4.2}% 35
\BOOKMARK [3][-]{subsubsection.4.4.2.7}{\376\377\0004\000.\0004\000.\0002\000.\0007\000\040\000s\000t\000r\000u\000c\000t\000\040\000M\000F\000R\000C\0005\0002\0002\000E\000x\000t\000e\000n\000d\000e\000d\000:\000:\000P\000c\000b\000B\000l\000o\000c\000k\000.\000p\000r\000o\000l\000o\000g\000u\000e}{subsection.4.4.2}% 36
\BOOKMARK [3][-]{subsubsection.4.4.2.8}{\376\377\0004\000.\0004\000.\0002\000.\0008\000\040\000s\000t\000r\000u\000c\000t\000\040\000M\000F\000R\000C\0005\0002\0002\000E\000x\000t\000e\000n\000d\000e\000d\000:\000:\000T\000a\000g\000I\000n\000f\000o}{subsection.4.4.2}% 37
\BOOKMARK [2][-]{subsection.4.4.3}{\376\377\0004\000.\0004\000.\0003\000\040\000D\000o\000c\000u\000m\000e\000n\000t\000a\000c\000i\000\363\000n\000\040\000d\000e\000\040\000f\000u\000n\000c\000i\000o\000n\000e\000s\000\040\000m\000i\000e\000m\000b\000r\000o}{section.4.4}% 38
\BOOKMARK [3][-]{subsubsection.4.4.3.1}{\376\377\0004\000.\0004\000.\0003\000.\0001\000\040\000P\000I\000C\000C\000\137\000I\000s\000N\000e\000w\000C\000a\000r\000d\000P\000r\000e\000s\000e\000n\000t\000\050\000\051}{subsection.4.4.3}% 39
\BOOKMARK [3][-]{subsubsection.4.4.3.2}{\376\377\0004\000.\0004\000.\0003\000.\0002\000\040\000P\000I\000C\000C\000\137\000R\000e\000a\000d\000C\000a\000r\000d\000S\000e\000r\000i\000a\000l\000\050\000\051}{subsection.4.4.3}% 40
\BOOKMARK [3][-]{subsubsection.4.4.3.3}{\376\377\0004\000.\0004\000.\0003\000.\0003\000\040\000P\000I\000C\000C\000\137\000S\000e\000l\000e\000c\000t\000\050\000\051}{subsection.4.4.3}% 41
\BOOKMARK [0][-]{chapter.5}{\376\377\0005\000\040\000D\000o\000c\000u\000m\000e\000n\000t\000a\000c\000i\000\363\000n\000\040\000d\000e\000\040\000a\000r\000c\000h\000i\000v\000o\000s}{}% 42
\BOOKMARK [1][-]{section.5.1}{\376\377\0005\000.\0001\000\040\000D\000H\000T\0001\0001\000.\000h}{chapter.5}% 43
\BOOKMARK [1][-]{section.5.2}{\376\377\0005\000.\0002\000\040\000R\000e\000f\000e\000r\000e\000n\000c\000i\000a\000\040\000d\000e\000l\000\040\000a\000r\000c\000h\000i\000v\000o\000\040\000m\000a\000i\000n\000/\000l\000i\000b\000r\000a\000r\000i\000e\000s\000/\000D\000H\000T\0001\0001\000-\000H\000W\000-\0004\0008\0001\000/\000s\000e\000t\000P\000i\000n\000.\000c\000p\000p}{chapter.5}% 44
\BOOKMARK [2][-]{subsection.5.2.1}{\376\377\0005\000.\0002\000.\0001\000\040\000D\000e\000s\000c\000r\000i\000p\000c\000i\000\363\000n\000\040\000d\000e\000t\000a\000l\000l\000a\000d\000a}{section.5.2}% 45
\BOOKMARK [2][-]{subsection.5.2.2}{\376\377\0005\000.\0002\000.\0002\000\040\000D\000o\000c\000u\000m\000e\000n\000t\000a\000c\000i\000\363\000n\000\040\000d\000e\000\040\000f\000u\000n\000c\000i\000o\000n\000e\000s}{section.5.2}% 46
\BOOKMARK [3][-]{subsubsection.5.2.2.1}{\376\377\0005\000.\0002\000.\0002\000.\0001\000\040\000s\000e\000t\000P\000i\000n\000D\000H\000T\0001\0001\000\050\000\051}{subsection.5.2.2}% 47
\BOOKMARK [1][-]{section.5.3}{\376\377\0005\000.\0003\000\040\000R\000e\000f\000e\000r\000e\000n\000c\000i\000a\000\040\000d\000e\000l\000\040\000a\000r\000c\000h\000i\000v\000o\000\040\000m\000a\000i\000n\000/\000l\000i\000b\000r\000a\000r\000i\000e\000s\000/\000D\000H\000T\0001\0001\000-\000H\000W\000-\0004\0008\0001\000/\000s\000e\000t\000P\000i\000n\000.\000h}{chapter.5}% 48
\BOOKMARK [2][-]{subsection.5.3.1}{\376\377\0005\000.\0003\000.\0001\000\040\000D\000e\000s\000c\000r\000i\000p\000c\000i\000\363\000n\000\040\000d\000e\000t\000a\000l\000l\000a\000d\000a}{section.5.3}% 49
\BOOKMARK [2][-]{subsection.5.3.2}{\376\377\0005\000.\0003\000.\0002\000\040\000D\000o\000c\000u\000m\000e\000n\000t\000a\000c\000i\000\363\000n\000\040\000d\000e\000\040\000f\000u\000n\000c\000i\000o\000n\000e\000s}{section.5.3}% 50
\BOOKMARK [3][-]{subsubsection.5.3.2.1}{\376\377\0005\000.\0003\000.\0002\000.\0001\000\040\000s\000e\000t\000P\000i\000n\000D\000H\000T\0001\0001\000\050\000\051}{subsection.5.3.2}% 51
\BOOKMARK [1][-]{section.5.4}{\376\377\0005\000.\0004\000\040\000s\000e\000t\000P\000i\000n\000.\000h}{chapter.5}% 52
\BOOKMARK [1][-]{section.5.5}{\376\377\0005\000.\0005\000\040\000a\000c\000c\000e\000s\000o\000R\000F\000I\000D\000.\000h}{chapter.5}% 53
\BOOKMARK [1][-]{section.5.6}{\376\377\0005\000.\0006\000\040\000d\000e\000p\000r\000e\000c\000a\000t\000e\000d\000.\000h}{chapter.5}% 54
\BOOKMARK [1][-]{section.5.7}{\376\377\0005\000.\0007\000\040\000M\000F\000R\000C\0005\0002\0002\000.\000h}{chapter.5}% 55
\BOOKMARK [1][-]{section.5.8}{\376\377\0005\000.\0008\000\040\000M\000F\000R\000C\0005\0002\0002\000E\000x\000t\000e\000n\000d\000e\000d\000.\000h}{chapter.5}% 56
\BOOKMARK [1][-]{section.5.9}{\376\377\0005\000.\0009\000\040\000r\000e\000q\000u\000i\000r\000e\000\137\000c\000p\000p\0001\0001\000.\000h}{chapter.5}% 57
\BOOKMARK [0][-]{section*.46}{\376\377\000\315\000n\000d\000i\000c\000e\000\040\000a\000l\000f\000a\000b\000\351\000t\000i\000c\000o}{}% 58
