This is pdfTeX, Version 3.141592653-2.6-1.40.26 (TeX Live 2024/Arch Linux) (preloaded format=pdflatex 2024.10.8)  29 OCT 2024 19:02
entering extended mode
 restricted \write18 enabled.
 %&-line parsing enabled.
**refman
(./refman.tex
LaTeX2e <2023-11-01> patch level 1
L3 programming layer <2024-02-20>
(/usr/share/texmf-dist/tex/generic/iftex/iftex.sty
Package: iftex 2022/02/03 v1.0f TeX engine tests
)
(/usr/share/texmf-dist/tex/latex/base/book.cls
Document Class: book 2023/05/17 v1.4n Standard LaTeX document class
(/usr/share/texmf-dist/tex/latex/base/bk10.clo
File: bk10.clo 2023/05/17 v1.4n Standard LaTeX file (size option)
)
\c@part=\count188
\c@chapter=\count189
\c@section=\count190
\c@subsection=\count191
\c@subsubsection=\count192
\c@paragraph=\count193
\c@subparagraph=\count194
\c@figure=\count195
\c@table=\count196
\abovecaptionskip=\skip48
\belowcaptionskip=\skip49
\bibindent=\dimen140
)
(/usr/share/texmf-dist/tex/latex/base/ifthen.sty
Package: ifthen 2022/04/13 v1.1d Standard LaTeX ifthen package (DPC)
)
(/usr/share/texmf-dist/tex/latex/tools/array.sty
Rollback for package 'array' requested -> date 2016-10-06.
         Best approximation is the release introduced on 2016-10-06.

(/usr/share/texmf-dist/tex/latex/tools/array-2016-10-06.sty
Package: array 2016/10/06 v2.4d Tabular extension package (FMi)
\col@sep=\dimen141
\extrarowheight=\dimen142
\NC@list=\toks17
\extratabsurround=\skip50
\backup@length=\skip51
))
(/usr/share/texmf-dist/tex/generic/infwarerr/infwarerr.sty
package info suppressed
) (./doxygen.sty
Package: doxygen 

(/usr/share/texmf-dist/tex/latex/base/alltt.sty
Package: alltt 2021/01/29 v2.0g defines alltt environment
)
(/usr/share/texmf-dist/tex/latex/tools/calc.sty
Package: calc 2023/07/08 v4.3 Infix arithmetic (KKT,FJ)
\calc@Acount=\count197
\calc@Bcount=\count198
\calc@Adimen=\dimen143
\calc@Bdimen=\dimen144
\calc@Askip=\skip52
\calc@Bskip=\skip53
LaTeX Info: Redefining \setlength on input line 80.
LaTeX Info: Redefining \addtolength on input line 81.
\calc@Ccount=\count199
\calc@Cskip=\skip54
)
(/usr/share/texmf-dist/tex/latex/float/float.sty
Package: float 2001/11/08 v1.3d Float enhancements (AL)
\c@float@type=\count266
\float@exts=\toks18
\float@box=\box51
\@float@everytoks=\toks19
\@floatcapt=\box52
)
(/usr/share/texmf-dist/tex/latex/tools/verbatim.sty
Package: verbatim 2023-11-06 v1.5v LaTeX2e package for verbatim enhancements
\every@verbatim=\toks20
\verbatim@line=\toks21
\verbatim@in@stream=\read2
)
(/usr/share/texmf-dist/tex/latex/xcolor/xcolor.sty
Package: xcolor 2023/11/15 v3.01 LaTeX color extensions (UK)

(/usr/share/texmf-dist/tex/latex/graphics-cfg/color.cfg
File: color.cfg 2016/01/02 v1.6 sample color configuration
)
Package xcolor Info: Driver file: pdftex.def on input line 274.

(/usr/share/texmf-dist/tex/latex/graphics-def/pdftex.def
File: pdftex.def 2022/09/22 v1.2b Graphics/color driver for pdftex
)
(/usr/share/texmf-dist/tex/latex/graphics/mathcolor.ltx)
Package xcolor Info: Model `cmy' substituted by `cmy0' on input line 1350.
Package xcolor Info: Model `hsb' substituted by `rgb' on input line 1354.
Package xcolor Info: Model `RGB' extended on input line 1366.
Package xcolor Info: Model `HTML' substituted by `rgb' on input line 1368.
Package xcolor Info: Model `Hsb' substituted by `hsb' on input line 1369.
Package xcolor Info: Model `tHsb' substituted by `hsb' on input line 1370.
Package xcolor Info: Model `HSB' substituted by `hsb' on input line 1371.
Package xcolor Info: Model `Gray' substituted by `gray' on input line 1372.
Package xcolor Info: Model `wave' substituted by `hsb' on input line 1373.
)
(/usr/share/texmf-dist/tex/latex/colortbl/colortbl.sty
Package: colortbl 2024/02/20 v1.0g Color table columns (DPC)
\everycr=\toks22
\minrowclearance=\skip55
\rownum=\count267
)
(./longtable_doxygen.sty
Package: longtable_doxygen 2014/10/28 v4.11 Multi-page Table package (DPC) - fr
ozen version for doxygen
\LTleft=\skip56
\LTright=\skip57
\LTpre=\skip58
\LTpost=\skip59
\LTchunksize=\count268
\LTcapwidth=\dimen145
\LT@head=\box53
\LT@firsthead=\box54
\LT@foot=\box55
\LT@lastfoot=\box56
\LT@cols=\count269
\LT@rows=\count270
\c@LT@tables=\count271
\c@LT@chunks=\count272
\LT@p@ftn=\toks23
) (./tabu_doxygen.sty
Package: tabu_doxygen 2011/02/26 v2.8 - flexible LaTeX tabulars (FC), frozen ve
rsion for doxygen

(/usr/share/texmf-dist/tex/latex/varwidth/varwidth.sty
Package: varwidth 2009/03/30 ver 0.92;  Variable-width minipages
\@vwid@box=\box57
\sift@deathcycles=\count273
\@vwid@loff=\dimen146
\@vwid@roff=\dimen147
)
\c@taburow=\count274
\tabu@nbcols=\count275
\tabu@cnt=\count276
\tabu@Xcol=\count277
\tabu@alloc=\count278
\tabu@nested=\count279
\tabu@target=\dimen148
\tabu@spreadtarget=\dimen149
\tabu@naturalX=\dimen150
\tabucolX=\dimen151
\tabu@Xsum=\dimen152
\extrarowdepth=\dimen153
\abovetabulinesep=\dimen154
\belowtabulinesep=\dimen155
\tabustrutrule=\dimen156
\tabu@thebody=\toks24
\tabu@footnotes=\toks25
\tabu@box=\box58
\tabu@arstrutbox=\box59
\tabu@hleads=\box60
\tabu@vleads=\box61
\tabu@cellskip=\skip60
)
(/usr/share/texmf-dist/tex/latex/fancyvrb/fancyvrb.sty
Package: fancyvrb 2024/01/20 4.5c verbatim text (tvz,hv)

(/usr/share/texmf-dist/tex/latex/graphics/keyval.sty
Package: keyval 2022/05/29 v1.15 key=value parser (DPC)
\KV@toks@=\toks26
)
\FV@CodeLineNo=\count280
\FV@InFile=\read3
\FV@TabBox=\box62
\c@FancyVerbLine=\count281
\FV@StepNumber=\count282
\FV@OutFile=\write3
)
(/usr/share/texmf-dist/tex/latex/tools/tabularx.sty
Package: tabularx 2023/07/08 v2.11c `tabularx' package (DPC)
\TX@col@width=\dimen157
\TX@old@table=\dimen158
\TX@old@col=\dimen159
\TX@target=\dimen160
\TX@delta=\dimen161
\TX@cols=\count283
\TX@ftn=\toks27
)
(/usr/share/texmf-dist/tex/latex/tools/multicol.sty
Package: multicol 2023/03/30 v1.9f multicolumn formatting (FMi)
\c@tracingmulticols=\count284
\mult@box=\box63
\multicol@leftmargin=\dimen162
\c@unbalance=\count285
\c@collectmore=\count286
\doublecol@number=\count287
\multicoltolerance=\count288
\multicolpretolerance=\count289
\full@width=\dimen163
\page@free=\dimen164
\premulticols=\dimen165
\postmulticols=\dimen166
\multicolsep=\skip61
\multicolbaselineskip=\skip62
\partial@page=\box64
\last@line=\box65
\mc@boxedresult=\box66
\maxbalancingoverflow=\dimen167
\mult@rightbox=\box67
\mult@grightbox=\box68
\mult@firstbox=\box69
\mult@gfirstbox=\box70
\@tempa=\box71
\@tempa=\box72
\@tempa=\box73
\@tempa=\box74
\@tempa=\box75
\@tempa=\box76
\@tempa=\box77
\@tempa=\box78
\@tempa=\box79
\@tempa=\box80
\@tempa=\box81
\@tempa=\box82
\@tempa=\box83
\@tempa=\box84
\@tempa=\box85
\@tempa=\box86
\@tempa=\box87
\@tempa=\box88
\@tempa=\box89
\@tempa=\box90
\@tempa=\box91
\@tempa=\box92
\@tempa=\box93
\@tempa=\box94
\@tempa=\box95
\@tempa=\box96
\@tempa=\box97
\@tempa=\box98
\@tempa=\box99
\@tempa=\box100
\@tempa=\box101
\@tempa=\box102
\@tempa=\box103
\@tempa=\box104
\@tempa=\box105
\@tempa=\box106
\c@minrows=\count290
\c@columnbadness=\count291
\c@finalcolumnbadness=\count292
\last@try=\dimen168
\multicolovershoot=\dimen169
\multicolundershoot=\dimen170
\mult@nat@firstbox=\box107
\colbreak@box=\box108
\mc@col@check@num=\count293
)
(/usr/share/texmf-dist/tex/latex/multirow/multirow.sty
Package: multirow 2021/03/15 v2.8 Span multiple rows of a table
\multirow@colwidth=\skip63
\multirow@cntb=\count294
\multirow@dima=\skip64
\bigstrutjot=\dimen171
)
(/usr/share/texmf-dist/tex/latex/hanging/hanging.sty
Package: hanging 2009/09/02 v1.2b hanging paragraphs and punctuation
\h@ngcommawd=\skip65
\h@ngfstopwd=\skip66
\h@ngquotewd=\skip67
\h@ngdquotewd=\skip68
\h@ngquerywd=\skip69
\h@ngexclwd=\skip70
\h@ngcolonwd=\skip71
\h@ngscolonwd=\skip72
)
(/usr/share/texmf-dist/tex/generic/iftex/ifpdf.sty
Package: ifpdf 2019/10/25 v3.4 ifpdf legacy package. Use iftex instead.
)
(/usr/share/texmf-dist/tex/latex/adjustbox/adjustbox.sty
Package: adjustbox 2022/10/17 v1.3a Adjusting TeX boxes (trim, clip, ...)

(/usr/share/texmf-dist/tex/latex/xkeyval/xkeyval.sty
Package: xkeyval 2022/06/16 v2.9 package option processing (HA)

(/usr/share/texmf-dist/tex/generic/xkeyval/xkeyval.tex
(/usr/share/texmf-dist/tex/generic/xkeyval/xkvutils.tex
\XKV@toks=\toks28
\XKV@tempa@toks=\toks29
)
\XKV@depth=\count295
File: xkeyval.tex 2014/12/03 v2.7a key=value parser (HA)
))
(/usr/share/texmf-dist/tex/latex/adjustbox/adjcalc.sty
Package: adjcalc 2012/05/16 v1.1 Provides advanced setlength with multiple back
-ends (calc, etex, pgfmath)
)
(/usr/share/texmf-dist/tex/latex/adjustbox/trimclip.sty
Package: trimclip 2020/08/19 v1.2 Trim and clip general TeX material

(/usr/share/texmf-dist/tex/latex/graphics/graphicx.sty
Package: graphicx 2021/09/16 v1.2d Enhanced LaTeX Graphics (DPC,SPQR)

(/usr/share/texmf-dist/tex/latex/graphics/graphics.sty
Package: graphics 2022/03/10 v1.4e Standard LaTeX Graphics (DPC,SPQR)

(/usr/share/texmf-dist/tex/latex/graphics/trig.sty
Package: trig 2021/08/11 v1.11 sin cos tan (DPC)
)
(/usr/share/texmf-dist/tex/latex/graphics-cfg/graphics.cfg
File: graphics.cfg 2016/06/04 v1.11 sample graphics configuration
)
Package graphics Info: Driver file: pdftex.def on input line 107.
)
\Gin@req@height=\dimen172
\Gin@req@width=\dimen173
)
(/usr/share/texmf-dist/tex/latex/collectbox/collectbox.sty
Package: collectbox 2022/10/17 v0.4c Collect macro arguments as boxes
\collectedbox=\box109
)
\tc@llx=\dimen174
\tc@lly=\dimen175
\tc@urx=\dimen176
\tc@ury=\dimen177
Package trimclip Info: Using driver 'tc-pdftex.def'.

(/usr/share/texmf-dist/tex/latex/adjustbox/tc-pdftex.def
File: tc-pdftex.def 2019/01/04 v2.2 Clipping driver for pdftex
))
\adjbox@Width=\dimen178
\adjbox@Height=\dimen179
\adjbox@Depth=\dimen180
\adjbox@Totalheight=\dimen181
\adjbox@pwidth=\dimen182
\adjbox@pheight=\dimen183
\adjbox@pdepth=\dimen184
\adjbox@ptotalheight=\dimen185

(/usr/share/texmf-dist/tex/latex/ifoddpage/ifoddpage.sty
Package: ifoddpage 2022/10/18 v1.2 Conditionals for odd/even page detection
\c@checkoddpage=\count296
))
(/usr/share/texmf-dist/tex/latex/amsfonts/amssymb.sty
Package: amssymb 2013/01/14 v3.01 AMS font symbols

(/usr/share/texmf-dist/tex/latex/amsfonts/amsfonts.sty
Package: amsfonts 2013/01/14 v3.01 Basic AMSFonts support
\@emptytoks=\toks30
\symAMSa=\mathgroup4
\symAMSb=\mathgroup5
LaTeX Font Info:    Redeclaring math symbol \hbar on input line 98.
LaTeX Font Info:    Overwriting math alphabet `\mathfrak' in version `bold'
(Font)                  U/euf/m/n --> U/euf/b/n on input line 106.
))
(/usr/share/texmf-dist/tex/latex/stackengine/stackengine.sty
Package: stackengine 2021/07/22 v4.11\ Stacking text and objects in convenient 
ways

(/usr/share/texmf-dist/tex/latex/etoolbox/etoolbox.sty
Package: etoolbox 2020/10/05 v2.5k e-TeX tools for LaTeX (JAW)
\etb@tempcnta=\count297
)
(/usr/share/texmf-dist/tex/generic/listofitems/listofitems.sty
(/usr/share/texmf-dist/tex/generic/listofitems/listofitems.tex
\loi_cnt_foreach_nest=\count298
\loi_nestcnt=\count299
)
Package: listofitems 2024/03/09 v1.65 Grab items in lists using user-specified 
sep char (CT)
)
\c@@stackindex=\count300
\@boxshift=\skip73
\stack@tmplength=\skip74
\temp@stkl=\skip75
\@stackedboxwidth=\skip76
\@addedbox=\box110
\@anchorbox=\box111
\@insetbox=\box112
\se@backgroundbox=\box113
\stackedbox=\box114
\@centerbox=\box115
\c@ROWcellindex@=\count301
)
(/usr/share/texmf-dist/tex/latex/enumitem/enumitem.sty
Package: enumitem 2019/06/20 v3.9 Customized lists
\labelindent=\skip77
\enit@outerparindent=\dimen186
\enit@toks=\toks31
\enit@inbox=\box116
\enit@count@id=\count302
\enitdp@description=\count303
)
(/usr/share/texmf-dist/tex/generic/alphalph/alphalph.sty
Package: alphalph 2019/12/09 v2.6 Convert numbers to letters (HO)

(/usr/share/texmf-dist/tex/generic/intcalc/intcalc.sty
Package: intcalc 2019/12/15 v1.3 Expandable calculations with integers (HO)
))
(/usr/share/texmf-dist/tex/generic/ulem/ulem.sty
\UL@box=\box117
\UL@hyphenbox=\box118
\UL@skip=\skip78
\UL@hook=\toks32
\UL@height=\dimen187
\UL@pe=\count304
\UL@pixel=\dimen188
\ULC@box=\box119
Package: ulem 2019/11/18
\ULdepth=\dimen189
)
\xrefbox=\box120
\xreflength=\skip79
\CodeWidthChar=\skip80
\CodeHeightChar=\skip81
\DoxyCodeWidth=\skip82
\c@DoxyEnumeratei=\count305
\c@DoxyEnumerateii=\count306
\c@DoxyEnumerateiii=\count307
\c@DoxyEnumerateiv=\count308
\c@DoxyEnumeratev=\count309
\c@DoxyEnumeratevi=\count310
\c@DoxyEnumeratevii=\count311
\c@DoxyEnumerateviii=\count312
\c@DoxyEnumerateix=\count313
\c@DoxyEnumeratex=\count314
\c@DoxyEnumeratexi=\count315
\c@DoxyEnumeratexii=\count316
\enitdp@DoxyEnumerate=\count317
\enitdp@DoxyItemize=\count318
\c@subsubsubsection=\count319
\c@subsubsubsubsection=\count320
\c@subsubsubsubsubsection=\count321
\c@subsubsubsubsubsubsection=\count322
)
(/usr/share/texmf-dist/tex/latex/base/inputenc.sty
Package: inputenc 2021/02/14 v1.3d Input encoding file
\inpenc@prehook=\toks33
\inpenc@posthook=\toks34
)
(/usr/share/texmf-dist/tex/latex/base/makeidx.sty
Package: makeidx 2021/10/04 v1.0m Standard LaTeX package
)
(/usr/share/texmf-dist/tex/latex/base/textcomp.sty
Package: textcomp 2020/02/02 v2.0n Standard LaTeX package
)
(/usr/share/texmf-dist/tex/latex/wasysym/wasysym.sty
Package: wasysym 2020/01/19 v2.4 Wasy-2 symbol support package
\symwasy=\mathgroup6
LaTeX Font Info:    Overwriting symbol font `wasy' in version `bold'
(Font)                  U/wasy/m/n --> U/wasy/b/n on input line 93.
)
(/usr/share/texmf-dist/tex/generic/iftex/ifxetex.sty
Package: ifxetex 2019/10/25 v0.7 ifxetex legacy package. Use iftex instead.
)
(/usr/share/texmf-dist/tex/generic/babel/babel.sty
Package: babel 2024/02/07 v24.2 The Babel package
\babel@savecnt=\count323
\U@D=\dimen190
\l@unhyphenated=\language5

(/usr/share/texmf-dist/tex/generic/babel/txtbabel.def)
\bbl@readstream=\read4
\bbl@dirlevel=\count324

(/usr/share/texmf-dist/tex/generic/babel-spanish/spanish.ldf
Language: spanish.ldf 2021/05/27 v5.0q Spanish support from the babel system


Package babel Warning: No hyphenation patterns were preloaded for
(babel)                the language 'Spanish' into the format.
(babel)                Please, configure your TeX system to add them and
(babel)                rebuild the format. Now I will use the patterns
(babel)                preloaded for \language=0 instead on input line 51.

Package babel Info: Hyphen rules for 'spanish' set to \l@english
(babel)             (\language0). Reported on input line 52.
\es@quottoks=\toks35
\es@quotdepth=\count325
)) (/usr/share/texmf-dist/tex/generic/babel/locale/es/babel-spanish.tex
Package babel Info: Importing font and identification data for spanish
(babel)             from babel-es.ini. Reported on input line 11.
)
(/usr/share/texmf-dist/tex/latex/base/fontenc.sty
Package: fontenc 2021/04/29 v2.0v Standard LaTeX package
)
(/usr/share/texmf-dist/tex/latex/psnfss/helvet.sty
Package: helvet 2020/03/25 PSNFSS-v9.3 (WaS) 
)
(/usr/share/texmf-dist/tex/latex/psnfss/courier.sty
Package: courier 2020/03/25 PSNFSS-v9.3 (WaS) 
)
(/usr/share/texmf-dist/tex/latex/geometry/geometry.sty
Package: geometry 2020/01/02 v5.9 Page Geometry

(/usr/share/texmf-dist/tex/generic/iftex/ifvtex.sty
Package: ifvtex 2019/10/25 v1.7 ifvtex legacy package. Use iftex instead.
)
\Gm@cnth=\count326
\Gm@cntv=\count327
\c@Gm@tempcnt=\count328
\Gm@bindingoffset=\dimen191
\Gm@wd@mp=\dimen192
\Gm@odd@mp=\dimen193
\Gm@even@mp=\dimen194
\Gm@layoutwidth=\dimen195
\Gm@layoutheight=\dimen196
\Gm@layouthoffset=\dimen197
\Gm@layoutvoffset=\dimen198
\Gm@dimlist=\toks36
)
(/usr/share/texmf-dist/tex/latex/changepage/changepage.sty
Package: changepage 2009/10/20 v1.0c check page and change page layout
\c@cp@cntr=\count329
\cp@tempcnt=\count330
LaTeX Info: Redefining \checkoddpage on input line 59.
)
(/usr/share/texmf-dist/tex/latex/fancyhdr/fancyhdr.sty
Package: fancyhdr 2022/11/09 v4.1 Extensive control of page headers and footers

\f@nch@headwidth=\skip83
\f@nch@O@elh=\skip84
\f@nch@O@erh=\skip85
\f@nch@O@olh=\skip86
\f@nch@O@orh=\skip87
\f@nch@O@elf=\skip88
\f@nch@O@erf=\skip89
\f@nch@O@olf=\skip90
\f@nch@O@orf=\skip91
)
(/usr/share/texmf-dist/tex/latex/natbib/natbib.sty
Package: natbib 2010/09/13 8.31b (PWD, AO)
\bibhang=\skip92
\bibsep=\skip93
LaTeX Info: Redefining \cite on input line 694.
\c@NAT@ctr=\count331
)
(/usr/share/texmf-dist/tex/latex/tocloft/tocloft.sty
Package: tocloft 2017/08/31 v2.3i parameterised ToC, etc., typesetting
Package tocloft Info: The document has chapter divisions on input line 51.
\cftparskip=\skip94
\cftbeforetoctitleskip=\skip95
\cftaftertoctitleskip=\skip96
\cftbeforepartskip=\skip97
\cftpartnumwidth=\skip98
\cftpartindent=\skip99
\cftbeforechapskip=\skip100
\cftchapindent=\skip101
\cftchapnumwidth=\skip102
\cftbeforesecskip=\skip103
\cftsecindent=\skip104
\cftsecnumwidth=\skip105
\cftbeforesubsecskip=\skip106
\cftsubsecindent=\skip107
\cftsubsecnumwidth=\skip108
\cftbeforesubsubsecskip=\skip109
\cftsubsubsecindent=\skip110
\cftsubsubsecnumwidth=\skip111
\cftbeforeparaskip=\skip112
\cftparaindent=\skip113
\cftparanumwidth=\skip114
\cftbeforesubparaskip=\skip115
\cftsubparaindent=\skip116
\cftsubparanumwidth=\skip117
\cftbeforeloftitleskip=\skip118
\cftafterloftitleskip=\skip119
\cftbeforefigskip=\skip120
\cftfigindent=\skip121
\cftfignumwidth=\skip122
\c@lofdepth=\count332
\c@lotdepth=\count333
\cftbeforelottitleskip=\skip123
\cftafterlottitleskip=\skip124
\cftbeforetabskip=\skip125
\cfttabindent=\skip126
\cfttabnumwidth=\skip127
)
\@indexfile=\write4
\openout4 = `refman.idx'.


Writing index file refman.idx
(/usr/share/texmf-dist/tex/latex/newunicodechar/newunicodechar.sty
Package: newunicodechar 2018/04/08 v1.2 Defining Unicode characters
)
(/usr/share/texmf-dist/tex/latex/hyperref/hyperref.sty
Package: hyperref 2024-01-20 v7.01h Hypertext links for LaTeX

(/usr/share/texmf-dist/tex/latex/kvsetkeys/kvsetkeys.sty
Package: kvsetkeys 2022-10-05 v1.19 Key value parser (HO)
)
(/usr/share/texmf-dist/tex/generic/kvdefinekeys/kvdefinekeys.sty
Package: kvdefinekeys 2019-12-19 v1.6 Define keys (HO)
)
(/usr/share/texmf-dist/tex/generic/pdfescape/pdfescape.sty
Package: pdfescape 2019/12/09 v1.15 Implements pdfTeX's escape features (HO)

(/usr/share/texmf-dist/tex/generic/ltxcmds/ltxcmds.sty
Package: ltxcmds 2023-12-04 v1.26 LaTeX kernel commands for general use (HO)
)
(/usr/share/texmf-dist/tex/generic/pdftexcmds/pdftexcmds.sty
Package: pdftexcmds 2020-06-27 v0.33 Utility functions of pdfTeX for LuaTeX (HO
)
Package pdftexcmds Info: \pdf@primitive is available.
Package pdftexcmds Info: \pdf@ifprimitive is available.
Package pdftexcmds Info: \pdfdraftmode found.
))
(/usr/share/texmf-dist/tex/latex/hycolor/hycolor.sty
Package: hycolor 2020-01-27 v1.10 Color options for hyperref/bookmark (HO)
)
(/usr/share/texmf-dist/tex/latex/auxhook/auxhook.sty
Package: auxhook 2019-12-17 v1.6 Hooks for auxiliary files (HO)
)
(/usr/share/texmf-dist/tex/latex/hyperref/nameref.sty
Package: nameref 2023-11-26 v2.56 Cross-referencing by name of section

(/usr/share/texmf-dist/tex/latex/refcount/refcount.sty
Package: refcount 2019/12/15 v3.6 Data extraction from label references (HO)
)
(/usr/share/texmf-dist/tex/generic/gettitlestring/gettitlestring.sty
Package: gettitlestring 2019/12/15 v1.6 Cleanup title references (HO)

(/usr/share/texmf-dist/tex/latex/kvoptions/kvoptions.sty
Package: kvoptions 2022-06-15 v3.15 Key value format for package options (HO)
))
\c@section@level=\count334
)
\@linkdim=\dimen199
\Hy@linkcounter=\count335
\Hy@pagecounter=\count336

(/usr/share/texmf-dist/tex/latex/hyperref/pd1enc.def
File: pd1enc.def 2024-01-20 v7.01h Hyperref: PDFDocEncoding definition (HO)
Now handling font encoding PD1 ...
... no UTF-8 mapping file for font encoding PD1
)
\Hy@SavedSpaceFactor=\count337

(/usr/share/texmf-dist/tex/latex/hyperref/puenc.def
File: puenc.def 2024-01-20 v7.01h Hyperref: PDF Unicode definition (HO)
Now handling font encoding PU ...
... no UTF-8 mapping file for font encoding PU
)
Package hyperref Info: Hyper figures OFF on input line 4179.
Package hyperref Info: Link nesting OFF on input line 4184.
Package hyperref Info: Hyper index ON on input line 4187.
Package hyperref Info: Plain pages OFF on input line 4194.
Package hyperref Info: Backreferencing ON on input line 4197.
Package hyperref Info: Implicit mode ON; LaTeX internals redefined.
Package hyperref Info: Bookmarks ON on input line 4446.

(/usr/share/texmf-dist/tex/latex/hyperref/backref.sty
Package: backref 2023-11-26 v1.44 Bibliographical back referencing

(/usr/share/texmf-dist/tex/latex/rerunfilecheck/rerunfilecheck.sty
Package: rerunfilecheck 2022-07-10 v1.10 Rerun checks for auxiliary files (HO)

(/usr/share/texmf-dist/tex/latex/base/atveryend-ltx.sty
Package: atveryend-ltx 2020/08/19 v1.0a Emulation of the original atveryend pac
kage
with kernel methods
)
(/usr/share/texmf-dist/tex/generic/uniquecounter/uniquecounter.sty
Package: uniquecounter 2019/12/15 v1.4 Provide unlimited unique counter (HO)

(/usr/share/texmf-dist/tex/generic/bigintcalc/bigintcalc.sty
Package: bigintcalc 2019/12/15 v1.5 Expandable calculations on big integers (HO
)
))
Package uniquecounter Info: New unique counter `rerunfilecheck' on input line 2
85.
))
\c@Hy@tempcnt=\count338

(/usr/share/texmf-dist/tex/latex/url/url.sty
\Urlmuskip=\muskip16
Package: url 2013/09/16  ver 3.4  Verb mode for urls, etc.
)
LaTeX Info: Redefining \url on input line 4784.
\XeTeXLinkMargin=\dimen256

(/usr/share/texmf-dist/tex/generic/bitset/bitset.sty
Package: bitset 2019/12/09 v1.3 Handle bit-vector datatype (HO)
)
\Fld@menulength=\count339
\Field@Width=\dimen257
\Fld@charsize=\dimen258
Package hyperref Info: Hyper figures OFF on input line 6063.
Package hyperref Info: Link nesting OFF on input line 6068.
Package hyperref Info: Hyper index ON on input line 6071.
Package hyperref Info: backreferencing ON on input line 6076.
Package hyperref Info: Link coloring OFF on input line 6083.
Package hyperref Info: Link coloring with OCG OFF on input line 6088.
Package hyperref Info: PDF/A mode OFF on input line 6093.

(/usr/share/texmf-dist/tex/latex/base/atbegshi-ltx.sty
Package: atbegshi-ltx 2021/01/10 v1.0c Emulation of the original atbegshi
package with kernel methods
)
\Hy@abspage=\count340
\c@Item=\count341
\c@Hfootnote=\count342
)
Package hyperref Info: Driver: hpdftex.

(/usr/share/texmf-dist/tex/latex/hyperref/hpdftex.def
File: hpdftex.def 2024-01-20 v7.01h Hyperref driver for pdfTeX
\Fld@listcount=\count343
\c@bookmark@seq@number=\count344
\Hy@SectionHShift=\skip128
)
Package hyperref Info: Option `colorlinks' set `true' on input line 188.
Package hyperref Info: Option `unicode' set `true' on input line 188.

(/usr/share/texmf-dist/tex/latex/caption/caption.sty
Package: caption 2023/08/05 v3.6o Customizing captions (AR)

(/usr/share/texmf-dist/tex/latex/caption/caption3.sty
Package: caption3 2023/07/31 v2.4d caption3 kernel (AR)
\caption@tempdima=\dimen259
\captionmargin=\dimen260
\caption@leftmargin=\dimen261
\caption@rightmargin=\dimen262
\caption@width=\dimen263
\caption@indent=\dimen264
\caption@parindent=\dimen265
\caption@hangindent=\dimen266
Package caption Info: Standard document class detected.
)
\c@caption@flags=\count345
\c@continuedfloat=\count346
Package caption Info: changepage package is loaded.
\caption@adjustwidth@hsize=\dimen267
\caption@adjustwidth@linewidth=\dimen268
Package caption Info: float package is loaded.
Package caption Info: hyperref package is loaded.
Package caption Info: longtable package is loaded.

(/usr/share/texmf-dist/tex/latex/caption/ltcaption.sty
Package: ltcaption 2021/01/08 v1.4c longtable captions (AR)
))
(/usr/share/texmf-dist/tex/latex/etoc/etoc.sty
Package: etoc 2023/10/29 v1.2d Completely customisable TOCs (JFB)
\Etoc@toctoks=\toks37
\c@etoc@tocid=\count347
\etoc@framed@titlebox=\box121
\etoc@framed@contentsbox=\box122
)
LaTeX Font Info:    Trying to load font information for T1+phv on input line 21
0.

(/usr/share/texmf-dist/tex/latex/psnfss/t1phv.fd
File: t1phv.fd 2020/03/25 scalable font definitions for T1/phv.
)
LaTeX Font Info:    Font shape `T1/phv/m/n' will be
(Font)              scaled to size 8.99994pt on input line 210.

(/usr/share/texmf-dist/tex/latex/l3backend/l3backend-pdftex.def
File: l3backend-pdftex.def 2024-02-20 L3 backend support: PDF output (pdfTeX)
\l__color_backend_stack_int=\count348
\l__pdf_internal_box=\box123
) (./refman.aux
LaTeX Info: Redefining \. on input line 9.
LaTeX Info: Redefining \% on input line 9.


LaTeX Warning: Label `classMFRC522_a3f25eb3421a80d3aeca247c9640f0669' multiply 
defined.


LaTeX Warning: Label `classMFRC522_a9a9be34ff94660db8bf098745d9fc1d8' multiply 
defined.


LaTeX Warning: Label `classMFRC522_a5aafab5cf00bb9a8ba4240b97d72cca1' multiply 
defined.


LaTeX Warning: Label `classMFRC522_ab57242c2e8a0ca7de1a968c2ccb55341' multiply 
defined.


LaTeX Warning: Label `classMFRC522_a92c17a5b83cc4fde3cc3454c03b8eede' multiply 
defined.


LaTeX Warning: Label `classMFRC522_aafd15c276e5cf3b677885b7b95e71ca2' multiply 
defined.


LaTeX Warning: Label `classMFRC522_a7cb2a1ad6f06e49fddac5c62399c81a9' multiply 
defined.


LaTeX Warning: Label `classMFRC522Extended_a1d50fdac507bd6496700b783bcb6d7a8' m
ultiply defined.


LaTeX Warning: Label `classMFRC522Extended_a1d50fdac507bd6496700b783bcb6d7a8' m
ultiply defined.

)
\openout1 = `refman.aux'.

LaTeX Font Info:    Checking defaults for OML/cmm/m/it on input line 210.
LaTeX Font Info:    ... okay on input line 210.
LaTeX Font Info:    Checking defaults for OMS/cmsy/m/n on input line 210.
LaTeX Font Info:    ... okay on input line 210.
LaTeX Font Info:    Checking defaults for OT1/cmr/m/n on input line 210.
LaTeX Font Info:    ... okay on input line 210.
LaTeX Font Info:    Checking defaults for T1/cmr/m/n on input line 210.
LaTeX Font Info:    ... okay on input line 210.
LaTeX Font Info:    Checking defaults for TS1/cmr/m/n on input line 210.
LaTeX Font Info:    ... okay on input line 210.
LaTeX Font Info:    Checking defaults for OMX/cmex/m/n on input line 210.
LaTeX Font Info:    ... okay on input line 210.
LaTeX Font Info:    Checking defaults for U/cmr/m/n on input line 210.
LaTeX Font Info:    ... okay on input line 210.
LaTeX Font Info:    Checking defaults for PD1/pdf/m/n on input line 210.
LaTeX Font Info:    ... okay on input line 210.
LaTeX Font Info:    Checking defaults for PU/pdf/m/n on input line 210.
LaTeX Font Info:    ... okay on input line 210.
 (/usr/share/texmf-dist/tex/context/base/mkii/supp-pdf.mkii
[Loading MPS to PDF converter (version 2006.09.02).]
\scratchcounter=\count349
\scratchdimen=\dimen269
\scratchbox=\box124
\nofMPsegments=\count350
\nofMParguments=\count351
\everyMPshowfont=\toks38
\MPscratchCnt=\count352
\MPscratchDim=\dimen270
\MPnumerator=\count353
\makeMPintoPDFobject=\count354
\everyMPtoPDFconversion=\toks39
) (/usr/share/texmf-dist/tex/latex/epstopdf-pkg/epstopdf-base.sty
Package: epstopdf-base 2020-01-24 v2.11 Base part for package epstopdf
Package epstopdf-base Info: Redefining graphics rule for `.eps' on input line 4
85.

(/usr/share/texmf-dist/tex/latex/latexconfig/epstopdf-sys.cfg
File: epstopdf-sys.cfg 2010/07/13 v1.3 Configuration of (r)epstopdf for TeX Liv
e
))
LaTeX Info: Redefining \. on input line 210.
LaTeX Info: Redefining \% on input line 210.

*geometry* driver: auto-detecting
*geometry* detected driver: pdftex
*geometry* verbose mode - [ preamble ] result:
* driver: pdftex
* paper: a4paper
* layout: <same size as paper>
* layoutoffset:(h,v)=(0.0pt,0.0pt)
* modes: twoside 
* h-part:(L,W,R)=(71.13188pt, 455.24411pt, 71.13188pt)
* v-part:(T,H,B)=(71.13188pt, 702.78308pt, 71.13188pt)
* \paperwidth=597.50787pt
* \paperheight=845.04684pt
* \textwidth=455.24411pt
* \textheight=702.78308pt
* \oddsidemargin=-1.1381pt
* \evensidemargin=-1.1381pt
* \topmargin=-31.2056pt
* \headheight=12.0pt
* \headsep=18.06749pt
* \topskip=10.0pt
* \footskip=25.29494pt
* \marginparwidth=125.0pt
* \marginparsep=7.0pt
* \columnsep=10.0pt
* \skip\footins=9.0pt plus 4.0pt minus 2.0pt
* \hoffset=0.0pt
* \voffset=0.0pt
* \mag=1000
* \@twocolumnfalse
* \@twosidetrue
* \@mparswitchtrue
* \@reversemarginfalse
* (1in=72.27pt=25.4mm, 1cm=28.453pt)

Package backref Info: ** backref set up for natbib ** on input line 210.
Package hyperref Info: Link coloring ON on input line 210.
(./refman.out) (./refman.out)
\@outlinefile=\write5
\openout5 = `refman.out'.

Package caption Info: Begin \AtBeginDocument code.
Package caption Info: End \AtBeginDocument code.
\Etoc@tf=\read5
Package hyperref Info: Option `pageanchor' set `false' on input line 218.
Package hyperref Info: Option `bookmarksnumbered' set `true' on input line 218.

Package hyperref Info: Option `unicode' set `true' on input line 218.
LaTeX Font Info:    Font shape `T1/phv/m/n' will be
(Font)              scaled to size 12.9599pt on input line 223.
LaTeX Font Info:    Font shape `T1/phv/m/n' will be
(Font)              scaled to size 10.79993pt on input line 225.
 [1


{/var/lib/texmf/fonts/map/pdftex/updmap/pdftex.map}{/usr/share/texmf-dist/fonts
/enc/dvips/base/8r.enc}] [2

]
\tf@toc=\write6
\openout6 = `refman.toc'.

LaTeX Info: Redefining \. on input line 231.
LaTeX Info: Redefining \% on input line 231.
LaTeX Font Info:    Font shape `T1/phv/b/n' will be
(Font)              scaled to size 8.99994pt on input line 231.
LaTeX Font Info:    Trying to load font information for U+msa on input line 231
.

(/usr/share/texmf-dist/tex/latex/amsfonts/umsa.fd
File: umsa.fd 2013/01/14 v3.01 AMS symbols A
)
LaTeX Font Info:    Trying to load font information for U+msb on input line 231
.

(/usr/share/texmf-dist/tex/latex/amsfonts/umsb.fd
File: umsb.fd 2013/01/14 v3.01 AMS symbols B
)
LaTeX Font Info:    Trying to load font information for U+wasy on input line 23
1.

(/usr/share/texmf-dist/tex/latex/wasysym/uwasy.fd
File: uwasy.fd 2020/01/19 v2.4 Wasy-2 symbol font definitions
)
LaTeX Font Info:    Font shape `T1/phv/m/n' will be
(Font)              scaled to size 6.29996pt on input line 231.
LaTeX Font Info:    Font shape `T1/phv/b/sc' will be
(Font)              scaled to size 8.99994pt on input line 231.
LaTeX Font Info:    Font shape `T1/phv/b/n' will be
(Font)              scaled to size 6.29996pt on input line 231.
 [1] [2]
Package hyperref Info: Option `pageanchor' set `true' on input line 234.

Cap\'{\i }tulo 1.
LaTeX Font Info:    Font shape `T1/phv/m/n' will be
(Font)              scaled to size 18.66588pt on input line 236.
LaTeX Font Info:    Font shape `T1/phv/b/n' will be
(Font)              scaled to size 18.66588pt on input line 236.
LaTeX Font Info:    Font shape `T1/phv/b/n' will be
(Font)              scaled to size 22.39185pt on input line 236.
(./hierarchy.tex
LaTeX Font Info:    Font shape `T1/phv/b/n' will be
(Font)              scaled to size 12.9599pt on input line 1.
) [1


]
LaTeX Info: Redefining \. on input line 238.
LaTeX Info: Redefining \% on input line 238.
 [2

]
Cap\'{\i }tulo 2.
(./annotated.tex) [3]
LaTeX Info: Redefining \. on input line 240.
LaTeX Info: Redefining \% on input line 240.
 [4

]
Cap\'{\i }tulo 3.
(./files.tex) [5]
LaTeX Info: Redefining \. on input line 242.
LaTeX Info: Redefining \% on input line 242.
 [6

]
Cap\'{\i }tulo 4.
(./classaccesoRFID.tex
LaTeX Font Info:    Trying to load font information for T1+pcr on input line 10
.
 (/usr/share/texmf-dist/tex/latex/psnfss/t1pcr.fd
File: t1pcr.fd 2001/06/04 font definitions for T1/pcr.
) <./classaccesoRFID__coll__graph.pdf>
<classaccesoRFID__coll__graph.pdf, id=387, 181.67876pt x 196.735pt>
File: classaccesoRFID__coll__graph.pdf Graphic file (type pdf)
<use classaccesoRFID__coll__graph.pdf>
Package pdftex.def Info: classaccesoRFID__coll__graph.pdf  used on input line 1
9.
(pdftex.def)             Requested size: 181.0pt x 196.00502pt.
LaTeX Font Info:    Font shape `T1/phv/m/n' will be
(Font)              scaled to size 8.09995pt on input line 26.
LaTeX Font Info:    Font shape `T1/phv/m/it' in size <9> not available
(Font)              Font shape `T1/phv/m/sl' tried instead on input line 26.
LaTeX Font Info:    Font shape `T1/phv/m/sl' will be
(Font)              scaled to size 8.09995pt on input line 26.
LaTeX Font Info:    Font shape `T1/phv/m/it' in size <7> not available
(Font)              Font shape `T1/phv/m/sl' tried instead on input line 26.
LaTeX Font Info:    Font shape `T1/phv/m/sl' will be
(Font)              scaled to size 6.29996pt on input line 26.
LaTeX Font Info:    Font shape `T1/phv/b/n' will be
(Font)              scaled to size 10.79993pt on input line 41.
 [7]
LaTeX Font Info:    Font shape `T1/phv/m/n' will be
(Font)              scaled to size 7.19995pt on input line 50.
LaTeX Font Info:    Font shape `T1/pcr/m/it' in size <8> not available
(Font)              Font shape `T1/pcr/m/sl' tried instead on input line 51.
LaTeX Font Info:    Font shape `T1/pcr/m/it' in size <7> not available
(Font)              Font shape `T1/pcr/m/sl' tried instead on input line 51.
) (./classDHT11.tex <./classDHT11__coll__graph.pdf>
<classDHT11__coll__graph.pdf, id=417, 235.88126pt x 228.855pt>
File: classDHT11__coll__graph.pdf Graphic file (type pdf)
<use classDHT11__coll__graph.pdf>
Package pdftex.def Info: classDHT11__coll__graph.pdf  used on input line 14.
(pdftex.def)             Requested size: 235.0pt x 228.00237pt.
LaTeX Info: Redefining \. on input line 26.
LaTeX Info: Redefining \% on input line 26.
 [8]
Underfull \hbox (badness 10000) detected at line 79
[][][]
 []

LaTeX Info: Redefining \. on input line 90.
LaTeX Info: Redefining \% on input line 90.
[9]
Underfull \hbox (badness 10000) detected at line 90
[][][]
 []


Underfull \hbox (badness 10000) detected at line 108
[][][]
 []

) (./classMFRC522.tex <./classMFRC522__inherit__graph.pdf>
<classMFRC522__inherit__graph.pdf, id=476, 238.8925pt x 702.625pt>
File: classMFRC522__inherit__graph.pdf Graphic file (type pdf)
<use classMFRC522__inherit__graph.pdf>
Package pdftex.def Info: classMFRC522__inherit__graph.pdf  used on input line 1
0.
(pdftex.def)             Requested size: 187.0134pt x 550.0pt.
LaTeX Info: Redefining \. on input line 13.
LaTeX Info: Redefining \% on input line 13.
 [10] <./classMFRC522__coll__graph.pdf>
<classMFRC522__coll__graph.pdf, id=490, 238.8925pt x 539.01375pt>
File: classMFRC522__coll__graph.pdf Graphic file (type pdf)
<use classMFRC522__coll__graph.pdf>
Package pdftex.def Info: classMFRC522__coll__graph.pdf  used on input line 20.
(pdftex.def)             Requested size: 238.0pt x 536.99736pt.
LaTeX Info: Redefining \. on input line 23.
LaTeX Info: Redefining \% on input line 23.
 [11]
LaTeX Info: Redefining \. on input line 99.
LaTeX Info: Redefining \% on input line 99.
 [12]
Underfull \hbox (badness 3769) in paragraph at lines 163--179
\T1/phv/b/n/10 PICC[]_[][]TYPE[]_[][]UNKNOWN \T1/phv/m/n/10 , \T1/phv/b/n/10 PI
CC[]_[][]TYPE[]_[][]ISO[]_[]14443[]_[]4 \T1/phv/m/n/10 , \T1/phv/b/n/10 PICC[]_
[][]TYPE[]_[][]ISO[]_[]18092 \T1/phv/m/n/10 , \T1/phv/b/n/10 PICC[]_[][]TYPE[]_
[][]
 []


Underfull \hbox (badness 2837) in paragraph at lines 163--179
\T1/phv/b/n/10 PICC[]_[][]TYPE[]_[][]MIFARE[]_[]1K \T1/phv/m/n/10 , \T1/phv/b/n
/10 PICC[]_[][]TYPE[]_[][]MIFARE[]_[]4K \T1/phv/m/n/10 , \T1/phv/b/n/10 PICC[]_
[][]TYPE[]_[][]MIFARE[]_[][]UL \T1/phv/m/n/10 , \T1/phv/b/n/10 PICC[]_[][]TYPE[
]_[][]
 []

LaTeX Info: Redefining \. on input line 203.
LaTeX Info: Redefining \% on input line 203.
[13]
LaTeX Info: Redefining \. on input line 364.
LaTeX Info: Redefining \% on input line 364.
 [14] <./structMFRC522_1_1MIFARE__Key__coll__graph.pdf>
<structMFRC522_1_1MIFARE__Key__coll__graph.pdf, id=603, 201.75375pt x 132.495pt
>
File: structMFRC522_1_1MIFARE__Key__coll__graph.pdf Graphic file (type pdf)
<use structMFRC522_1_1MIFARE__Key__coll__graph.pdf>
Package pdftex.def Info: structMFRC522_1_1MIFARE__Key__coll__graph.pdf  used on
 input line 408.
(pdftex.def)             Requested size: 201.0pt x 132.00136pt.
 <./structMFRC522_1_1Uid__coll__graph.pdf>
<structMFRC522_1_1Uid__coll__graph.pdf, id=611, 159.59625pt x 164.615pt>
File: structMFRC522_1_1Uid__coll__graph.pdf Graphic file (type pdf)
<use structMFRC522_1_1Uid__coll__graph.pdf>
Package pdftex.def Info: structMFRC522_1_1Uid__coll__graph.pdf  used on input l
ine 429.
(pdftex.def)             Requested size: 159.0pt x 164.00171pt.
LaTeX Info: Redefining \. on input line 432.
LaTeX Info: Redefining \% on input line 432.
 [15]) (./classMFRC522Extended.tex <./classMFRC522Extended__inherit__graph.pdf>
<classMFRC522Extended__inherit__graph.pdf, id=642, 238.8925pt x 702.625pt>
File: classMFRC522Extended__inherit__graph.pdf Graphic file (type pdf)
<use classMFRC522Extended__inherit__graph.pdf>
Package pdftex.def Info: classMFRC522Extended__inherit__graph.pdf  used on inpu
t line 14.
(pdftex.def)             Requested size: 187.0134pt x 550.0pt.
LaTeX Info: Redefining \. on input line 17.
LaTeX Info: Redefining \% on input line 17.
 [16] <./classMFRC522Extended__coll__graph.pdf>
<classMFRC522Extended__coll__graph.pdf, id=660, 401.5pt x 881.2925pt>
File: classMFRC522Extended__coll__graph.pdf Graphic file (type pdf)
<use classMFRC522Extended__coll__graph.pdf>
Package pdftex.def Info: classMFRC522Extended__coll__graph.pdf  used on input l
ine 24.
(pdftex.def)             Requested size: 250.57541pt x 550.0pt.
LaTeX Info: Redefining \. on input line 27.
LaTeX Info: Redefining \% on input line 27.
 [17]
LaTeX Info: Redefining \. on input line 45.
LaTeX Info: Redefining \% on input line 45.

[18]
pdfTeX warning (ext4): destination with the same identifier (name{classMFRC522_
a3f25eb3421a80d3aeca247c9640f0669}) has been already used, duplicate ignored
<to be read again> 
                   \relax 
l.59 ...MFRC522_a3f25eb3421a80d3aeca247c9640f0669}
                                                  \label{classMFRC522_a3f25e...

pdfTeX warning (ext4): destination with the same identifier (name{classMFRC522_
a9a9be34ff94660db8bf098745d9fc1d8}) has been already used, duplicate ignored
<to be read again> 
                   \relax 
l.125 ...FRC522_a9a9be34ff94660db8bf098745d9fc1d8}
                                                  \label{classMFRC522_a9a9be...

pdfTeX warning (ext4): destination with the same identifier (name{classMFRC522_
a5aafab5cf00bb9a8ba4240b97d72cca1}) has been already used, duplicate ignored
<to be read again> 
                   \relax 
l.141 ...FRC522_a5aafab5cf00bb9a8ba4240b97d72cca1}
                                                  \label{classMFRC522_a5aafa...

pdfTeX warning (ext4): destination with the same identifier (name{classMFRC522_
ab57242c2e8a0ca7de1a968c2ccb55341}) has been already used, duplicate ignored
<to be read again> 
                   \relax 
l.158 ...FRC522_ab57242c2e8a0ca7de1a968c2ccb55341}
                                                  \label{classMFRC522_ab5724...

pdfTeX warning (ext4): destination with the same identifier (name{classMFRC522_
a92c17a5b83cc4fde3cc3454c03b8eede}) has been already used, duplicate ignored
<to be read again> 
                   \relax 
l.183 ...FRC522_a92c17a5b83cc4fde3cc3454c03b8eede}
                                                  \label{classMFRC522_a92c17...

pdfTeX warning (ext4): destination with the same identifier (name{classMFRC522_
aafd15c276e5cf3b677885b7b95e71ca2}) has been already used, duplicate ignored
<to be read again> 
                   \relax 
l.188 ...FRC522_aafd15c276e5cf3b677885b7b95e71ca2}
                                                  \label{classMFRC522_aafd15...

Underfull \hbox (badness 3769) in paragraph at lines 189--205
\T1/phv/b/n/10 PICC[]_[][]TYPE[]_[][]UNKNOWN \T1/phv/m/n/10 , \T1/phv/b/n/10 PI
CC[]_[][]TYPE[]_[][]ISO[]_[]14443[]_[]4 \T1/phv/m/n/10 , \T1/phv/b/n/10 PICC[]_
[][]TYPE[]_[][]ISO[]_[]18092 \T1/phv/m/n/10 , \T1/phv/b/n/10 PICC[]_[][]TYPE[]_
[][]
 []


Underfull \hbox (badness 2837) in paragraph at lines 189--205
\T1/phv/b/n/10 PICC[]_[][]TYPE[]_[][]MIFARE[]_[]1K \T1/phv/m/n/10 , \T1/phv/b/n
/10 PICC[]_[][]TYPE[]_[][]MIFARE[]_[]4K \T1/phv/m/n/10 , \T1/phv/b/n/10 PICC[]_
[][]TYPE[]_[][]MIFARE[]_[][]UL \T1/phv/m/n/10 , \T1/phv/b/n/10 PICC[]_[][]TYPE[
]_[][]
 []

LaTeX Info: Redefining \. on input line 205.
LaTeX Info: Redefining \% on input line 205.
[19]
pdfTeX warning (ext4): destination with the same identifier (name{classMFRC522_
a7cb2a1ad6f06e49fddac5c62399c81a9}) has been already used, duplicate ignored
<to be read again> 
                   \relax 
l.205 ...FRC522_a7cb2a1ad6f06e49fddac5c62399c81a9}
                                                  \label{classMFRC522_a7cb2a...
LaTeX Info: Redefining \. on input line 318.
LaTeX Info: Redefining \% on input line 318.
[20]
LaTeX Info: Redefining \. on input line 408.
LaTeX Info: Redefining \% on input line 408.
 [21]
Underfull \hbox (badness 10000) detected at line 424
[][][]
 []

 <./structMFRC522Extended_1_1Ats__coll__graph.pdf>
<structMFRC522Extended_1_1Ats__coll__graph.pdf, id=781, 204.765pt x 212.795pt>
File: structMFRC522Extended_1_1Ats__coll__graph.pdf Graphic file (type pdf)
<use structMFRC522Extended_1_1Ats__coll__graph.pdf>
Package pdftex.def Info: structMFRC522Extended_1_1Ats__coll__graph.pdf  used on
 input line 440.
(pdftex.def)             Requested size: 204.0pt x 212.01193pt.
LaTeX Info: Redefining \. on input line 480.
LaTeX Info: Redefining \% on input line 480.
 [22] <./structMFRC522Extended_1_1Ats_8ta1__coll__graph.pdf>
<structMFRC522Extended_1_1Ats_8ta1__coll__graph.pdf, id=816, 222.8325pt x 180.6
75pt>
File: structMFRC522Extended_1_1Ats_8ta1__coll__graph.pdf Graphic file (type pdf
)
<use structMFRC522Extended_1_1Ats_8ta1__coll__graph.pdf>
Package pdftex.def Info: structMFRC522Extended_1_1Ats_8ta1__coll__graph.pdf  us
ed on input line 491.
(pdftex.def)             Requested size: 222.0pt x 180.00186pt.
 <./structMFRC522Extended_1_1Ats_8tb1__coll__graph.pdf>
<structMFRC522Extended_1_1Ats_8tb1__coll__graph.pdf, id=831, 222.8325pt x 164.6
15pt>
File: structMFRC522Extended_1_1Ats_8tb1__coll__graph.pdf Graphic file (type pdf
)
<use structMFRC522Extended_1_1Ats_8tb1__coll__graph.pdf>
Package pdftex.def Info: structMFRC522Extended_1_1Ats_8tb1__coll__graph.pdf  us
ed on input line 530.
(pdftex.def)             Requested size: 222.0pt x 164.00171pt.
LaTeX Info: Redefining \. on input line 533.
LaTeX Info: Redefining \% on input line 533.
 [23]
pdfTeX warning (ext4): destination with the same identifier (name{classMFRC522E
xtended_a1d50fdac507bd6496700b783bcb6d7a8}) has been already used, duplicate ig
nored
<to be read again> 
                   \relax 
l.552 \end{DoxyFields}
                      

pdfTeX warning (ext4): destination with the same identifier (name{classMFRC522E
xtended_a1d50fdac507bd6496700b783bcb6d7a8}) has been already used, duplicate ig
nored
<to be read again> 
                   \relax 
l.552 \end{DoxyFields}
                      

pdfTeX warning (ext4): destination with the same identifier (name{classMFRC522E
xtended_a1d50fdac507bd6496700b783bcb6d7a8}) has been already used, duplicate ig
nored
<to be read again> 
                   \relax 
l.552 \end{DoxyFields}
                      
 <./structMFRC522Extended_1_1Ats_8tc1__coll__graph.pdf>
<structMFRC522Extended_1_1Ats_8tc1__coll__graph.pdf, id=864, 222.8325pt x 164.6
15pt>
File: structMFRC522Extended_1_1Ats_8tc1__coll__graph.pdf Graphic file (type pdf
)
<use structMFRC522Extended_1_1Ats_8tc1__coll__graph.pdf>
Package pdftex.def Info: structMFRC522Extended_1_1Ats_8tc1__coll__graph.pdf  us
ed on input line 563.
(pdftex.def)             Requested size: 222.0pt x 164.00171pt.

pdfTeX warning (ext4): destination with the same identifier (name{classMFRC522E
xtended_a1d50fdac507bd6496700b783bcb6d7a8}) has been already used, duplicate ig
nored
<to be read again> 
                   \relax 
l.585 \end{DoxyFields}
                      

pdfTeX warning (ext4): destination with the same identifier (name{classMFRC522E
xtended_a1d50fdac507bd6496700b783bcb6d7a8}) has been already used, duplicate ig
nored
<to be read again> 
                   \relax 
l.585 \end{DoxyFields}
                      

pdfTeX warning (ext4): destination with the same identifier (name{classMFRC522E
xtended_a1d50fdac507bd6496700b783bcb6d7a8}) has been already used, duplicate ig
nored
<to be read again> 
                   \relax 
l.585 \end{DoxyFields}
                      
 <./structMFRC522Extended_1_1PcbBlock__coll__graph.pdf>
<structMFRC522Extended_1_1PcbBlock__coll__graph.pdf, id=879, 232.87pt x 148.555
pt>
File: structMFRC522Extended_1_1PcbBlock__coll__graph.pdf Graphic file (type pdf
)
<use structMFRC522Extended_1_1PcbBlock__coll__graph.pdf>
Package pdftex.def Info: structMFRC522Extended_1_1PcbBlock__coll__graph.pdf  us
ed on input line 596.
(pdftex.def)             Requested size: 232.0pt x 148.00606pt.
LaTeX Info: Redefining \. on input line 599.
LaTeX Info: Redefining \% on input line 599.
 [24] <./structMFRC522Extended_1_1PcbBlock_8inf__coll__graph.pdf>
<structMFRC522Extended_1_1PcbBlock_8inf__coll__graph.pdf, id=913, 248.93pt x 14
8.555pt>
File: structMFRC522Extended_1_1PcbBlock_8inf__coll__graph.pdf Graphic file (typ
e pdf)
<use structMFRC522Extended_1_1PcbBlock_8inf__coll__graph.pdf>
Package pdftex.def Info: structMFRC522Extended_1_1PcbBlock_8inf__coll__graph.pd
f  used on input line 623.
(pdftex.def)             Requested size: 248.0pt x 148.0038pt.
 <./structMFRC522Extended_1_1PcbBlock_8prologue__coll__graph.pdf>
<structMFRC522Extended_1_1PcbBlock_8prologue__coll__graph.pdf, id=929, 279.0425
pt x 164.615pt>
File: structMFRC522Extended_1_1PcbBlock_8prologue__coll__graph.pdf Graphic file
 (type pdf)
<use structMFRC522Extended_1_1PcbBlock_8prologue__coll__graph.pdf>
Package pdftex.def Info: structMFRC522Extended_1_1PcbBlock_8prologue__coll__gra
ph.pdf  used on input line 650.
(pdftex.def)             Requested size: 278.0pt x 164.00421pt.
LaTeX Info: Redefining \. on input line 653.
LaTeX Info: Redefining \% on input line 653.
 [25] <./structMFRC522Extended_1_1TagInfo__coll__graph.pdf>
<structMFRC522Extended_1_1TagInfo__coll__graph.pdf, id=957, 223.83624pt x 346.2
9375pt>
File: structMFRC522Extended_1_1TagInfo__coll__graph.pdf Graphic file (type pdf)

<use structMFRC522Extended_1_1TagInfo__coll__graph.pdf>
Package pdftex.def Info: structMFRC522Extended_1_1TagInfo__coll__graph.pdf  use
d on input line 683.
(pdftex.def)             Requested size: 223.0pt x 345.00887pt.
LaTeX Info: Redefining \. on input line 686.
LaTeX Info: Redefining \% on input line 686.
 [26]
LaTeX Info: Redefining \. on input line 740.
LaTeX Info: Redefining \% on input line 740.
 [27])
LaTeX Info: Redefining \. on input line 247.
LaTeX Info: Redefining \% on input line 247.
 [28]
Cap\'{\i }tulo 5.
(./DHT11_8h_source.tex) (./setPin_8cpp.tex <./setPin_8cpp__incl.pdf>
<setPin_8cpp__incl.pdf, id=1010, 214.8025pt x 227.85126pt>
File: setPin_8cpp__incl.pdf Graphic file (type pdf)
<use setPin_8cpp__incl.pdf>
Package pdftex.def Info: setPin_8cpp__incl.pdf  used on input line 15.
(pdftex.def)             Requested size: 214.0pt x 227.00237pt.
 [29

])
(./setPin_8h.tex <./setPin_8h__dep__incl.pdf>
<setPin_8h__dep__incl.pdf, id=1029, 200.75pt x 183.68625pt>
File: setPin_8h__dep__incl.pdf Graphic file (type pdf)
<use setPin_8h__dep__incl.pdf>
Package pdftex.def Info: setPin_8h__dep__incl.pdf  used on input line 8.
(pdftex.def)             Requested size: 200.0pt x 183.01309pt.
LaTeX Info: Redefining \. on input line 11.
LaTeX Info: Redefining \% on input line 11.
 [30]) (./setPin_8h_source.tex)
(./accesoRFID_8h_source.tex
LaTeX Info: Redefining \. on input line 6.
LaTeX Info: Redefining \% on input line 6.
 [31]) (./deprecated_8h_source.tex)
(./MFRC522_8h_source.tex
LaTeX Info: Redefining \. on input line 22.
LaTeX Info: Redefining \% on input line 22.
 [32]
LaTeX Info: Redefining \. on input line 103.
LaTeX Info: Redefining \% on input line 103.
 [33]
LaTeX Info: Redefining \. on input line 178.
LaTeX Info: Redefining \% on input line 178.
 [34]
LaTeX Info: Redefining \. on input line 248.
LaTeX Info: Redefining \% on input line 248.
 [35]
LaTeX Info: Redefining \. on input line 329.
LaTeX Info: Redefining \% on input line 329.
 [36])
(./MFRC522Extended_8h_source.tex
LaTeX Info: Redefining \. on input line 60.
LaTeX Info: Redefining \% on input line 60.
 [37]) (./require__cpp11_8h_source.tex)
LaTeX Info: Redefining \. on input line 259.
LaTeX Info: Redefining \% on input line 259.

[38] (./refman.ind
LaTeX Font Info:    Font shape `T1/phv/m/n' will be
(Font)              scaled to size 22.39185pt on input line 1.
 [39



]) (./refman.aux
LaTeX Info: Redefining \. on input line 9.
LaTeX Info: Redefining \% on input line 9.
)
 ***********
LaTeX2e <2023-11-01> patch level 1
L3 programming layer <2024-02-20>
 ***********


LaTeX Warning: There were multiply-defined labels.

Package rerunfilecheck Info: File `refman.out' has not changed.
(rerunfilecheck)             Checksum: 787C9C286153060D1BC00474B3EEE1F0;13092.
 ) 
Here is how much of TeX's memory you used:
 19810 strings out of 476076
 328922 string characters out of 5793775
 1978187 words of memory out of 5000000
 41235 multiletter control sequences out of 15000+600000
 617174 words of font info for 104 fonts, out of 8000000 for 9000
 14 hyphenation exceptions out of 8191
 101i,16n,117p,634b,754s stack positions out of 10000i,1000n,20000p,200000b,200000s
</usr/share/texmf-dist/fonts/type1/public/amsfonts/cm/cmmi10.pfb></usr/share/
texmf-dist/fonts/type1/public/amsfonts/cm/cmmi7.pfb></usr/share/texmf-dist/font
s/type1/public/amsfonts/cm/cmsy10.pfb></usr/share/texmf-dist/fonts/type1/public
/amsfonts/cm/cmsy7.pfb></usr/share/texmf-dist/fonts/type1/public/amsfonts/cm/cm
sy8.pfb></usr/share/texmf-dist/fonts/type1/urw/courier/ucrr8a.pfb></usr/share/t
exmf-dist/fonts/type1/urw/courier/ucrro8a.pfb></usr/share/texmf-dist/fonts/type
1/urw/helvetic/uhvb8a.pfb></usr/share/texmf-dist/fonts/type1/urw/helvetic/uhvb8
ac.pfb></usr/share/texmf-dist/fonts/type1/urw/helvetic/uhvr8a.pfb></usr/share/t
exmf-dist/fonts/type1/urw/helvetic/uhvro8a.pfb>
Output written on refman.pdf (43 pages, 365416 bytes).
PDF statistics:
 1298 PDF objects out of 1440 (max. 8388607)
 1120 compressed objects within 12 object streams
 316 named destinations out of 1000 (max. 500000)
 555 words of extra memory for PDF output out of 10000 (max. 10000000)

